# JRE version: Java(TM) SE Runtime Environment (18.0.1+10) (build 18.0.1+10-24)
# Java VM: Java HotSpot(TM) 64-Bit Server VM (18.0.1+10-24, mixed mode, sharing, tiered, compressed oops, compressed class ptrs, g1 gc, windows-amd64)
GC Precious Log:
 CardTable entry size: 512
 Card Set container configuration: InlinePtr #cards 5 size 8 Array Of Cards #cards 12 size 40 Howl #buckets 4 coarsen threshold 1843 Howl Bitmap #cards 512 size 80 coarsen threshold 460 Card regions per heap region 1 cards per card region 2048
 CPUs: 8 total, 8 available
 Memory: 8070M
 Large Page Support: Disabled
 NUMA Support: Disabled
 Compressed Oops: Enabled (32-bit)
 Heap Region Size: 1M
 Heap Min Capacity: 8M
 Heap Initial Capacity: 128M
 Heap Max Capacity: 2018M
 Pre-touch: Disabled
 Parallel Workers: 8
 Concurrent Workers: 2
 Concurrent Refinement Workers: 8
 Periodic GC: Disabled
Heap:
 garbage-first heap   total 126976K, used 83680K [0x0000000081e00000, 0x0000000100000000)
  region size 1024K, 35 young (35840K), 4 survivors (4096K)
 Metaspace       used 38375K, committed 38976K, reserved 1114112K
  class space    used 4123K, committed 4416K, reserved 1048576K
GC Heap History (20 events):
Event: 4.920 GC heap before
{Heap before GC invocations=4 (full 0):
 garbage-first heap   total 131072K, used 22454K [0x0000000081e00000, 0x0000000100000000)
  region size 1024K, 11 young (11264K), 4 survivors (4096K)
 Metaspace       used 21162K, committed 21504K, reserved 1114112K
  class space    used 2320K, committed 2496K, reserved 1048576K
}
Event: 4.925 GC heap after
{Heap after GC invocations=5 (full 0):
 garbage-first heap   total 131072K, used 17643K [0x0000000081e00000, 0x0000000100000000)
  region size 1024K, 6 young (6144K), 6 survivors (6144K)
 Metaspace       used 21162K, committed 21504K, reserved 1114112K
  class space    used 2320K, committed 2496K, reserved 1048576K
}
Event: 5.845 GC heap before
{Heap before GC invocations=6 (full 0):
 garbage-first heap   total 65536K, used 64747K [0x0000000081e00000, 0x0000000100000000)
  region size 1024K, 52 young (53248K), 6 survivors (6144K)
 Metaspace       used 24582K, committed 25024K, reserved 1114112K
  class space    used 2665K, committed 2880K, reserved 1048576K
}
Event: 5.863 GC heap after
{Heap after GC invocations=7 (full 0):
 garbage-first heap   total 83968K, used 30476K [0x0000000081e00000, 0x0000000100000000)
  region size 1024K, 10 young (10240K), 10 survivors (10240K)
 Metaspace       used 24582K, committed 25024K, reserved 1114112K
  class space    used 2665K, committed 2880K, reserved 1048576K
}
Event: 6.388 GC heap before
{Heap before GC invocations=7 (full 0):
 garbage-first heap   total 83968K, used 61196K [0x0000000081e00000, 0x0000000100000000)
  region size 1024K, 40 young (40960K), 10 survivors (10240K)
 Metaspace       used 26530K, committed 26880K, reserved 1114112K
  class space    used 2870K, committed 3008K, reserved 1048576K
}
Event: 6.399 GC heap after
{Heap after GC invocations=8 (full 0):
 garbage-first heap   total 83968K, used 33718K [0x0000000081e00000, 0x0000000100000000)
  region size 1024K, 2 young (2048K), 2 survivors (2048K)
 Metaspace       used 26530K, committed 26880K, reserved 1114112K
  class space    used 2870K, committed 3008K, reserved 1048576K
}
Event: 6.552 GC heap before
{Heap before GC invocations=8 (full 0):
 garbage-first heap   total 83968K, used 63414K [0x0000000081e00000, 0x0000000100000000)
  region size 1024K, 31 young (31744K), 2 survivors (2048K)
 Metaspace       used 27127K, committed 27648K, reserved 1114112K
  class space    used 2947K, committed 3200K, reserved 1048576K
}
Event: 6.556 GC heap after
{Heap after GC invocations=9 (full 0):
 garbage-first heap   total 83968K, used 34017K [0x0000000081e00000, 0x0000000100000000)
  region size 1024K, 3 young (3072K), 3 survivors (3072K)
 Metaspace       used 27127K, committed 27648K, reserved 1114112K
  class space    used 2947K, committed 3200K, reserved 1048576K
}
Event: 6.643 GC heap before
{Heap before GC invocations=9 (full 0):
 garbage-first heap   total 83968K, used 64737K [0x0000000081e00000, 0x0000000100000000)
  region size 1024K, 33 young (33792K), 3 survivors (3072K)
 Metaspace       used 27312K, committed 27840K, reserved 1114112K
  class space    used 2955K, committed 3200K, reserved 1048576K
}
Event: 6.648 GC heap after
{Heap after GC invocations=10 (full 0):
 garbage-first heap   total 83968K, used 34398K [0x0000000081e00000, 0x0000000100000000)
  region size 1024K, 3 young (3072K), 3 survivors (3072K)
 Metaspace       used 27312K, committed 27840K, reserved 1114112K
  class space    used 2955K, committed 3200K, reserved 1048576K
}
Event: 6.893 GC heap before
{Heap before GC invocations=10 (full 0):
 garbage-first heap   total 83968K, used 66142K [0x0000000081e00000, 0x0000000100000000)
  region size 1024K, 34 young (34816K), 3 survivors (3072K)
 Metaspace       used 28806K, committed 29312K, reserved 1114112K
  class space    used 3135K, committed 3328K, reserved 1048576K
}
Event: 6.899 GC heap after
{Heap after GC invocations=11 (full 0):
 garbage-first heap   total 105472K, used 35234K [0x0000000081e00000, 0x0000000100000000)
  region size 1024K, 4 young (4096K), 4 survivors (4096K)
 Metaspace       used 28806K, committed 29312K, reserved 1114112K
  class space    used 3135K, committed 3328K, reserved 1048576K
}
Event: 7.468 GC heap before
{Heap before GC invocations=11 (full 0):
 garbage-first heap   total 105472K, used 81314K [0x0000000081e00000, 0x0000000100000000)
  region size 1024K, 50 young (51200K), 4 survivors (4096K)
 Metaspace       used 29625K, committed 30144K, reserved 1114112K
  class space    used 3152K, committed 3392K, reserved 1048576K
}
Event: 7.484 GC heap after
{Heap after GC invocations=12 (full 0):
 garbage-first heap   total 105472K, used 44115K [0x0000000081e00000, 0x0000000100000000)
  region size 1024K, 7 young (7168K), 7 survivors (7168K)
 Metaspace       used 29625K, committed 30144K, reserved 1114112K
  class space    used 3152K, committed 3392K, reserved 1048576K
}
Event: 7.869 GC heap before
{Heap before GC invocations=12 (full 0):
 garbage-first heap   total 105472K, used 77907K [0x0000000081e00000, 0x0000000100000000)
  region size 1024K, 41 young (41984K), 7 survivors (7168K)
 Metaspace       used 30133K, committed 30720K, reserved 1114112K
  class space    used 3213K, committed 3456K, reserved 1048576K
}
Event: 7.879 GC heap after
{Heap after GC invocations=13 (full 0):
 garbage-first heap   total 105472K, used 52746K [0x0000000081e00000, 0x0000000100000000)
  region size 1024K, 6 young (6144K), 6 survivors (6144K)
 Metaspace       used 30133K, committed 30720K, reserved 1114112K
  class space    used 3213K, committed 3456K, reserved 1048576K
}
Event: 8.310 GC heap before
{Heap before GC invocations=13 (full 0):
 garbage-first heap   total 105472K, used 78346K [0x0000000081e00000, 0x0000000100000000)
  region size 1024K, 32 young (32768K), 6 survivors (6144K)
 Metaspace       used 31144K, committed 31680K, reserved 1114112K
  class space    used 3314K, committed 3520K, reserved 1048576K
}
Event: 8.315 GC heap after
{Heap after GC invocations=14 (full 0):
 garbage-first heap   total 105472K, used 54077K [0x0000000081e00000, 0x0000000100000000)
  region size 1024K, 1 young (1024K), 1 survivors (1024K)
 Metaspace       used 31144K, committed 31680K, reserved 1114112K
  class space    used 3314K, committed 3520K, reserved 1048576K
}
Event: 8.637 GC heap before
{Heap before GC invocations=14 (full 0):
 garbage-first heap   total 105472K, used 81725K [0x0000000081e00000, 0x0000000100000000)
  region size 1024K, 28 young (28672K), 1 survivors (1024K)
 Metaspace       used 34732K, committed 35328K, reserved 1114112K
  class space    used 3706K, committed 3968K, reserved 1048576K
}
Event: 8.645 GC heap after
{Heap after GC invocations=15 (full 0):
 garbage-first heap   total 126976K, used 57056K [0x0000000081e00000, 0x0000000100000000)
  region size 1024K, 4 young (4096K), 4 survivors (4096K)
 Metaspace       used 34732K, committed 35328K, reserved 1114112K
  class space    used 3706K, committed 3968K, reserved 1048576K
}

